2025-03-18 13:39:51,954 - INFO - Loaded stylesheet: /home/allanwan/dataset/sbpd-dataset-pipeline/labelling-tool/resources/styles.qss
2025-03-18 13:39:52,046 - INFO - Found 2 video files in /home/allanwan/dataset/sbpd-dataset-pipeline/labelling-tool/resources/videos
2025-03-18 13:39:52,052 - INFO - Loaded rewind icon: /home/allanwan/dataset/sbpd-dataset-pipeline/labelling-tool/resources/icons/rewind/rewind-60.png
2025-03-18 13:39:52,058 - INFO - Loaded play icon: /home/allanwan/dataset/sbpd-dataset-pipeline/labelling-tool/resources/icons/play/play-60.png
2025-03-18 13:39:52,058 - INFO - Loaded stop icon: /home/allanwan/dataset/sbpd-dataset-pipeline/labelling-tool/resources/icons/stop/stop-60.png
2025-03-18 13:39:52,058 - INFO - Loaded fast-forward icon: /home/allanwan/dataset/sbpd-dataset-pipeline/labelling-tool/resources/icons/fast-forward/forward-60.png
2025-03-18 13:46:31,763 - INFO - Loaded stylesheet: /home/allanwan/dataset/sbpd-dataset-pipeline/labelling-tool/resources/styles.qss
2025-03-18 13:46:31,796 - INFO - Found 2 video files in /home/allanwan/dataset/sbpd-dataset-pipeline/labelling-tool/resources/videos
2025-03-18 13:46:31,797 - INFO - Loaded rewind icon: /home/allanwan/dataset/sbpd-dataset-pipeline/labelling-tool/resources/icons/rewind/rewind-60.png
2025-03-18 13:46:31,799 - INFO - Loaded play icon: /home/allanwan/dataset/sbpd-dataset-pipeline/labelling-tool/resources/icons/play/play-60.png
2025-03-18 13:46:31,799 - INFO - Loaded stop icon: /home/allanwan/dataset/sbpd-dataset-pipeline/labelling-tool/resources/icons/stop/stop-60.png
2025-03-18 13:46:31,799 - INFO - Loaded fast-forward icon: /home/allanwan/dataset/sbpd-dataset-pipeline/labelling-tool/resources/icons/fast-forward/forward-60.png
2025-03-18 13:46:35,145 - INFO - User selected video file: /home/allanwan/dataset/sbpd-dataset-pipeline/labelling-tool/resources/videos/GX010190.MP4
2025-03-18 13:46:35,145 - INFO - Loading video: /home/allanwan/dataset/sbpd-dataset-pipeline/labelling-tool/resources/videos/GX010190.MP4 (Size: 77.01 MB)
2025-03-18 13:46:35,154 - INFO - Video Loaded: /home/allanwan/dataset/sbpd-dataset-pipeline/labelling-tool/resources/videos/GX010190.MP4 | FPS: 10 | Resolution: 1920x1080 | Total Frames: 3895
2025-03-18 13:46:53,544 - INFO - Video playback started
2025-03-18 13:46:53,545 - INFO - Loaded pause icon: /home/allanwan/dataset/sbpd-dataset-pipeline/labelling-tool/resources/icons/pause/pause-60.png
2025-03-18 13:47:16,842 - INFO - Video playback paused
2025-03-18 13:47:16,842 - INFO - Loaded play icon: /home/allanwan/dataset/sbpd-dataset-pipeline/labelling-tool/resources/icons/play/play-60.png
2025-03-18 14:08:30,513 - INFO - Loaded stylesheet: /home/allanwan/dataset/sbpd-dataset-pipeline/labelling-tool/resources/styles.qss
2025-03-18 14:08:30,562 - INFO - Found 3 video files in /home/allanwan/dataset/sbpd-dataset-pipeline/labelling-tool/resources/videos
2025-03-18 14:08:30,562 - INFO - Loaded rewind icon: /home/allanwan/dataset/sbpd-dataset-pipeline/labelling-tool/resources/icons/rewind/rewind-60.png
2025-03-18 14:08:30,565 - INFO - Loaded play icon: /home/allanwan/dataset/sbpd-dataset-pipeline/labelling-tool/resources/icons/play/play-60.png
2025-03-18 14:08:30,565 - INFO - Loaded stop icon: /home/allanwan/dataset/sbpd-dataset-pipeline/labelling-tool/resources/icons/stop/stop-60.png
2025-03-18 14:08:30,566 - INFO - Loaded fast-forward icon: /home/allanwan/dataset/sbpd-dataset-pipeline/labelling-tool/resources/icons/fast-forward/forward-60.png
2025-03-18 14:08:33,692 - INFO - User selected video file: /home/allanwan/dataset/sbpd-dataset-pipeline/labelling-tool/resources/videos/example_small_data_2.avi
2025-03-18 14:08:33,693 - INFO - Loading video: /home/allanwan/dataset/sbpd-dataset-pipeline/labelling-tool/resources/videos/example_small_data_2.avi (Size: 6.70 MB)
2025-03-18 14:08:33,701 - INFO - Video Loaded: /home/allanwan/dataset/sbpd-dataset-pipeline/labelling-tool/resources/videos/example_small_data_2.avi | FPS: 10 | Resolution: 1280x1024 | Total Frames: 251
2025-03-18 14:08:48,615 - INFO - Video playback started
2025-03-18 14:08:48,616 - INFO - Loaded pause icon: /home/allanwan/dataset/sbpd-dataset-pipeline/labelling-tool/resources/icons/pause/pause-60.png
2025-03-18 14:08:55,739 - INFO - Video playback paused
2025-03-18 14:08:55,739 - INFO - Loaded play icon: /home/allanwan/dataset/sbpd-dataset-pipeline/labelling-tool/resources/icons/play/play-60.png
2025-03-18 14:08:58,063 - INFO - Video playback started
2025-03-18 14:08:58,064 - INFO - Loaded pause icon: /home/allanwan/dataset/sbpd-dataset-pipeline/labelling-tool/resources/icons/pause/pause-60.png
2025-03-18 14:08:59,650 - INFO - Loaded play icon: /home/allanwan/dataset/sbpd-dataset-pipeline/labelling-tool/resources/icons/play/play-60.png
2025-03-18 14:09:01,517 - INFO - Video playback started
2025-03-18 14:09:01,518 - INFO - Loaded pause icon: /home/allanwan/dataset/sbpd-dataset-pipeline/labelling-tool/resources/icons/pause/pause-60.png
2025-03-18 14:09:01,641 - INFO - Loaded play icon: /home/allanwan/dataset/sbpd-dataset-pipeline/labelling-tool/resources/icons/play/play-60.png
2025-03-18 15:02:27,113 - INFO - Loaded stylesheet: /home/allanwan/dataset/sbpd-dataset-pipeline/labelling-tool/resources/styles.qss
2025-03-18 15:02:27,148 - INFO - Found 3 video files in /home/allanwan/dataset/sbpd-dataset-pipeline/labelling-tool/resources/videos
2025-03-18 15:02:27,148 - INFO - Loaded rewind icon: /home/allanwan/dataset/sbpd-dataset-pipeline/labelling-tool/resources/icons/rewind/rewind-60.png
2025-03-18 15:02:27,151 - INFO - Loaded play icon: /home/allanwan/dataset/sbpd-dataset-pipeline/labelling-tool/resources/icons/play/play-60.png
2025-03-18 15:02:27,151 - INFO - Loaded stop icon: /home/allanwan/dataset/sbpd-dataset-pipeline/labelling-tool/resources/icons/stop/stop-60.png
2025-03-18 15:02:27,151 - INFO - Loaded fast-forward icon: /home/allanwan/dataset/sbpd-dataset-pipeline/labelling-tool/resources/icons/fast-forward/forward-60.png
2025-03-18 15:03:28,421 - INFO - User selected video file: /home/allanwan/dataset/sbpd-dataset-pipeline/labelling-tool/resources/videos/GX010190.MP4
2025-03-18 15:03:28,421 - INFO - Loading video: /home/allanwan/dataset/sbpd-dataset-pipeline/labelling-tool/resources/videos/GX010190.MP4 (Size: 189.01 MB)
2025-03-18 15:03:28,430 - INFO - Video Loaded: /home/allanwan/dataset/sbpd-dataset-pipeline/labelling-tool/resources/videos/GX010190.MP4 | FPS: 10 | Resolution: 1920x1080 | Total Frames: 3895
2025-03-18 15:03:46,792 - INFO - Video playback started
2025-03-18 15:03:46,793 - INFO - Loaded pause icon: /home/allanwan/dataset/sbpd-dataset-pipeline/labelling-tool/resources/icons/pause/pause-60.png
2025-03-18 15:03:52,047 - INFO - Video playback paused
2025-03-18 15:03:52,047 - INFO - Loaded play icon: /home/allanwan/dataset/sbpd-dataset-pipeline/labelling-tool/resources/icons/play/play-60.png
2025-03-18 15:03:53,546 - INFO - Video playback started
2025-03-18 15:03:53,546 - INFO - Loaded pause icon: /home/allanwan/dataset/sbpd-dataset-pipeline/labelling-tool/resources/icons/pause/pause-60.png
2025-03-18 15:03:58,515 - INFO - Video playback paused
2025-03-18 15:03:58,515 - INFO - Loaded play icon: /home/allanwan/dataset/sbpd-dataset-pipeline/labelling-tool/resources/icons/play/play-60.png
2025-03-18 15:04:01,043 - INFO - Video playback started
2025-03-18 15:04:01,043 - INFO - Loaded pause icon: /home/allanwan/dataset/sbpd-dataset-pipeline/labelling-tool/resources/icons/pause/pause-60.png
2025-03-18 15:04:02,824 - INFO - Video playback paused
2025-03-18 15:04:02,824 - INFO - Loaded play icon: /home/allanwan/dataset/sbpd-dataset-pipeline/labelling-tool/resources/icons/play/play-60.png
2025-03-18 15:06:15,194 - INFO - Loaded stylesheet: /home/allanwan/dataset/sbpd-dataset-pipeline/labelling-tool/resources/styles.qss
2025-03-18 15:06:15,228 - INFO - Found 3 video files in /home/allanwan/dataset/sbpd-dataset-pipeline/labelling-tool/resources/videos
2025-03-18 15:06:15,229 - INFO - Loaded rewind icon: /home/allanwan/dataset/sbpd-dataset-pipeline/labelling-tool/resources/icons/rewind/rewind-60.png
2025-03-18 15:06:15,231 - INFO - Loaded play icon: /home/allanwan/dataset/sbpd-dataset-pipeline/labelling-tool/resources/icons/play/play-60.png
2025-03-18 15:06:15,231 - INFO - Loaded stop icon: /home/allanwan/dataset/sbpd-dataset-pipeline/labelling-tool/resources/icons/stop/stop-60.png
2025-03-18 15:06:15,232 - INFO - Loaded fast-forward icon: /home/allanwan/dataset/sbpd-dataset-pipeline/labelling-tool/resources/icons/fast-forward/forward-60.png
2025-03-18 15:06:21,293 - INFO - User selected video file: /home/allanwan/dataset/sbpd-dataset-pipeline/labelling-tool/resources/videos/example_small_data.avi
2025-03-18 15:06:21,293 - INFO - Loading video: /home/allanwan/dataset/sbpd-dataset-pipeline/labelling-tool/resources/videos/example_small_data.avi (Size: 69.60 MB)
2025-03-18 15:06:21,296 - INFO - Video Loaded: /home/allanwan/dataset/sbpd-dataset-pipeline/labelling-tool/resources/videos/example_small_data.avi | FPS: 30 | Resolution: 1280x1024 | Total Frames: 751
2025-03-18 15:07:14,420 - INFO - Loaded stylesheet: /home/allanwan/dataset/sbpd-dataset-pipeline/labelling-tool/resources/styles.qss
2025-03-18 15:07:14,463 - INFO - Found 3 video files in /home/allanwan/dataset/sbpd-dataset-pipeline/labelling-tool/resources/videos
2025-03-18 15:07:14,464 - INFO - Loaded rewind icon: /home/allanwan/dataset/sbpd-dataset-pipeline/labelling-tool/resources/icons/rewind/rewind-60.png
2025-03-18 15:07:14,467 - INFO - Loaded play icon: /home/allanwan/dataset/sbpd-dataset-pipeline/labelling-tool/resources/icons/play/play-60.png
2025-03-18 15:07:14,467 - INFO - Loaded stop icon: /home/allanwan/dataset/sbpd-dataset-pipeline/labelling-tool/resources/icons/stop/stop-60.png
2025-03-18 15:07:14,468 - INFO - Loaded fast-forward icon: /home/allanwan/dataset/sbpd-dataset-pipeline/labelling-tool/resources/icons/fast-forward/forward-60.png
2025-03-18 15:07:16,697 - INFO - User selected video file: /home/allanwan/dataset/sbpd-dataset-pipeline/labelling-tool/resources/videos/example_small_data_2.avi
2025-03-18 15:07:16,697 - INFO - Loading video: /home/allanwan/dataset/sbpd-dataset-pipeline/labelling-tool/resources/videos/example_small_data_2.avi (Size: 6.70 MB)
2025-03-18 15:07:16,706 - INFO - Video Loaded: /home/allanwan/dataset/sbpd-dataset-pipeline/labelling-tool/resources/videos/example_small_data_2.avi | FPS: 10 | Resolution: 1280x1024 | Total Frames: 251
2025-03-18 15:07:29,256 - INFO - Video playback started
2025-03-18 15:07:29,256 - INFO - Loaded pause icon: /home/allanwan/dataset/sbpd-dataset-pipeline/labelling-tool/resources/icons/pause/pause-60.png
2025-03-18 15:07:37,862 - INFO - Loaded play icon: /home/allanwan/dataset/sbpd-dataset-pipeline/labelling-tool/resources/icons/play/play-60.png
2025-03-18 15:14:37,151 - INFO - Loaded stylesheet: /home/allanwan/dataset/sbpd-dataset-pipeline/labelling-tool/resources/styles.qss
2025-03-18 15:14:37,194 - INFO - Found 3 video files in /home/allanwan/dataset/sbpd-dataset-pipeline/labelling-tool/resources/videos
2025-03-18 15:14:37,194 - INFO - Loaded rewind icon: /home/allanwan/dataset/sbpd-dataset-pipeline/labelling-tool/resources/icons/rewind/rewind-60.png
2025-03-18 15:14:37,197 - INFO - Loaded play icon: /home/allanwan/dataset/sbpd-dataset-pipeline/labelling-tool/resources/icons/play/play-60.png
2025-03-18 15:14:37,198 - INFO - Loaded stop icon: /home/allanwan/dataset/sbpd-dataset-pipeline/labelling-tool/resources/icons/stop/stop-60.png
2025-03-18 15:14:37,198 - INFO - Loaded fast-forward icon: /home/allanwan/dataset/sbpd-dataset-pipeline/labelling-tool/resources/icons/fast-forward/forward-60.png
2025-03-18 15:14:39,482 - INFO - User selected video file: /home/allanwan/dataset/sbpd-dataset-pipeline/labelling-tool/resources/videos/example_small_data_2.avi
2025-03-18 15:14:39,483 - INFO - Loading video: /home/allanwan/dataset/sbpd-dataset-pipeline/labelling-tool/resources/videos/example_small_data_2.avi (Size: 6.70 MB)
2025-03-18 15:14:39,490 - INFO - Video Loaded: /home/allanwan/dataset/sbpd-dataset-pipeline/labelling-tool/resources/videos/example_small_data_2.avi | FPS: 10 | Resolution: 1280x1024 | Total Frames: 251
2025-03-18 15:15:18,089 - INFO - Relabel button was pushed.
2025-03-18 15:15:20,280 - INFO - Click a trajectory or input trajectory ID.
2025-03-18 15:15:22,386 - INFO - Mapped pixel coordinates: (x = 637, y = 478)
2025-03-18 15:15:22,411 - INFO - Matched trajectory 4 at offset (0, -2)
2025-03-18 15:15:22,411 - INFO - Selected trajectory ID: 4
2025-03-18 15:15:26,724 - INFO - Selecting trajectories was done.
2025-03-18 15:15:30,615 - INFO - Mapped pixel coordinates: (x = 642, y = 469)
2025-03-18 15:15:33,313 - INFO - Mapped pixel coordinates: (x = 671, y = 420)
2025-03-18 15:15:35,629 - INFO - Relabel Complete: 4
2025-03-18 15:25:44,397 - INFO - Loaded stylesheet: /home/allanwan/dataset/sbpd-dataset-pipeline/labelling-tool/resources/styles.qss
2025-03-18 15:25:44,441 - INFO - Found 3 video files in /home/allanwan/dataset/sbpd-dataset-pipeline/labelling-tool/resources/videos
2025-03-18 15:25:44,441 - INFO - Loaded rewind icon: /home/allanwan/dataset/sbpd-dataset-pipeline/labelling-tool/resources/icons/rewind/rewind-60.png
2025-03-18 15:25:44,444 - INFO - Loaded play icon: /home/allanwan/dataset/sbpd-dataset-pipeline/labelling-tool/resources/icons/play/play-60.png
2025-03-18 15:25:44,444 - INFO - Loaded stop icon: /home/allanwan/dataset/sbpd-dataset-pipeline/labelling-tool/resources/icons/stop/stop-60.png
2025-03-18 15:25:44,445 - INFO - Loaded fast-forward icon: /home/allanwan/dataset/sbpd-dataset-pipeline/labelling-tool/resources/icons/fast-forward/forward-60.png
2025-03-18 15:25:47,475 - INFO - User selected video file: /home/allanwan/dataset/sbpd-dataset-pipeline/labelling-tool/resources/videos/example_small_data_2.avi
2025-03-18 15:25:47,475 - INFO - Loading video: /home/allanwan/dataset/sbpd-dataset-pipeline/labelling-tool/resources/videos/example_small_data_2.avi (Size: 6.70 MB)
2025-03-18 15:25:47,483 - INFO - Video Loaded: /home/allanwan/dataset/sbpd-dataset-pipeline/labelling-tool/resources/videos/example_small_data_2.avi | FPS: 10 | Resolution: 1280x1024 | Total Frames: 251
2025-03-18 15:26:20,820 - INFO - Video playback started
2025-03-18 15:26:20,820 - INFO - Loaded pause icon: /home/allanwan/dataset/sbpd-dataset-pipeline/labelling-tool/resources/icons/pause/pause-60.png
2025-03-18 15:26:27,501 - INFO - Video playback paused
2025-03-18 15:26:27,501 - INFO - Loaded play icon: /home/allanwan/dataset/sbpd-dataset-pipeline/labelling-tool/resources/icons/play/play-60.png
2025-03-18 15:43:37,686 - INFO - Loaded stylesheet: /home/allanwan/dataset/sbpd-dataset-pipeline/labelling-tool/resources/styles.qss
2025-03-18 15:43:37,729 - INFO - Found 3 video files in /home/allanwan/dataset/sbpd-dataset-pipeline/labelling-tool/resources/videos
2025-03-18 15:43:37,730 - INFO - Loaded rewind icon: /home/allanwan/dataset/sbpd-dataset-pipeline/labelling-tool/resources/icons/rewind/rewind-60.png
2025-03-18 15:43:37,733 - INFO - Loaded play icon: /home/allanwan/dataset/sbpd-dataset-pipeline/labelling-tool/resources/icons/play/play-60.png
2025-03-18 15:43:37,733 - INFO - Loaded stop icon: /home/allanwan/dataset/sbpd-dataset-pipeline/labelling-tool/resources/icons/stop/stop-60.png
2025-03-18 15:43:37,734 - INFO - Loaded fast-forward icon: /home/allanwan/dataset/sbpd-dataset-pipeline/labelling-tool/resources/icons/fast-forward/forward-60.png
2025-03-18 15:43:48,631 - INFO - User selected video file: /home/allanwan/dataset/sbpd-dataset-pipeline/labelling-tool/resources/videos/GX010190.MP4
2025-03-18 15:43:48,632 - INFO - Loading video: /home/allanwan/dataset/sbpd-dataset-pipeline/labelling-tool/resources/videos/GX010190.MP4 (Size: 189.01 MB)
2025-03-18 15:43:48,639 - INFO - Video Loaded: /home/allanwan/dataset/sbpd-dataset-pipeline/labelling-tool/resources/videos/GX010190.MP4 | FPS: 10 | Resolution: 1920x1080 | Total Frames: 3895
2025-03-18 15:44:21,114 - INFO - Video playback started
2025-03-18 15:44:21,114 - INFO - Loaded pause icon: /home/allanwan/dataset/sbpd-dataset-pipeline/labelling-tool/resources/icons/pause/pause-60.png
2025-03-18 15:44:25,171 - INFO - Video playback paused
2025-03-18 15:44:25,171 - INFO - Loaded play icon: /home/allanwan/dataset/sbpd-dataset-pipeline/labelling-tool/resources/icons/play/play-60.png
2025-03-18 15:46:45,515 - INFO - Loaded stylesheet: /home/allanwan/dataset/sbpd-dataset-pipeline/labelling-tool/resources/styles.qss
2025-03-18 15:46:45,559 - INFO - Found 3 video files in /home/allanwan/dataset/sbpd-dataset-pipeline/labelling-tool/resources/videos
2025-03-18 15:46:45,560 - INFO - Loaded rewind icon: /home/allanwan/dataset/sbpd-dataset-pipeline/labelling-tool/resources/icons/rewind/rewind-60.png
2025-03-18 15:46:45,563 - INFO - Loaded play icon: /home/allanwan/dataset/sbpd-dataset-pipeline/labelling-tool/resources/icons/play/play-60.png
2025-03-18 15:46:45,563 - INFO - Loaded stop icon: /home/allanwan/dataset/sbpd-dataset-pipeline/labelling-tool/resources/icons/stop/stop-60.png
2025-03-18 15:46:45,564 - INFO - Loaded fast-forward icon: /home/allanwan/dataset/sbpd-dataset-pipeline/labelling-tool/resources/icons/fast-forward/forward-60.png
2025-03-18 15:47:05,565 - INFO - User selected video file: /home/allanwan/dataset/sbpd-dataset-pipeline/labelling-tool/resources/videos/example_small_data.avi
2025-03-18 15:47:05,565 - INFO - Loading video: /home/allanwan/dataset/sbpd-dataset-pipeline/labelling-tool/resources/videos/example_small_data.avi (Size: 69.60 MB)
2025-03-18 15:47:05,568 - INFO - Video Loaded: /home/allanwan/dataset/sbpd-dataset-pipeline/labelling-tool/resources/videos/example_small_data.avi | FPS: 30 | Resolution: 1280x1024 | Total Frames: 751
2025-03-18 15:47:34,120 - INFO - User selected video file: /home/allanwan/dataset/sbpd-dataset-pipeline/labelling-tool/resources/videos/GX010190.MP4
2025-03-18 15:47:34,120 - INFO - Loading video: /home/allanwan/dataset/sbpd-dataset-pipeline/labelling-tool/resources/videos/GX010190.MP4 (Size: 189.01 MB)
2025-03-18 15:47:34,126 - INFO - Video Loaded: /home/allanwan/dataset/sbpd-dataset-pipeline/labelling-tool/resources/videos/GX010190.MP4 | FPS: 10 | Resolution: 1920x1080 | Total Frames: 3895
2025-03-18 15:47:34,133 - INFO - TrajectoryWorker stopped.
2025-03-18 15:49:46,078 - INFO - User selected video file: /home/allanwan/dataset/sbpd-dataset-pipeline/labelling-tool/resources/videos/example_small_data.avi
2025-03-18 15:49:46,079 - INFO - Loading video: /home/allanwan/dataset/sbpd-dataset-pipeline/labelling-tool/resources/videos/example_small_data.avi (Size: 69.60 MB)
2025-03-18 15:49:46,090 - INFO - Video Loaded: /home/allanwan/dataset/sbpd-dataset-pipeline/labelling-tool/resources/videos/example_small_data.avi | FPS: 30 | Resolution: 1280x1024 | Total Frames: 751
2025-03-18 15:49:46,107 - INFO - TrajectoryWorker stopped.
2025-03-18 15:50:06,829 - INFO - Video playback started
2025-03-18 15:50:06,829 - INFO - Loaded pause icon: /home/allanwan/dataset/sbpd-dataset-pipeline/labelling-tool/resources/icons/pause/pause-60.png
2025-03-18 15:50:32,667 - INFO - Video playback paused
2025-03-18 15:50:32,668 - INFO - Loaded play icon: /home/allanwan/dataset/sbpd-dataset-pipeline/labelling-tool/resources/icons/play/play-60.png
2025-03-18 15:50:49,122 - INFO - Video playback started
2025-03-18 15:50:49,122 - INFO - Loaded pause icon: /home/allanwan/dataset/sbpd-dataset-pipeline/labelling-tool/resources/icons/pause/pause-60.png
2025-03-18 15:50:51,987 - INFO - Video playback paused
2025-03-18 15:50:51,987 - INFO - Loaded play icon: /home/allanwan/dataset/sbpd-dataset-pipeline/labelling-tool/resources/icons/play/play-60.png
2025-03-18 15:51:23,855 - INFO - Video playback started
2025-03-18 15:51:23,855 - INFO - Loaded pause icon: /home/allanwan/dataset/sbpd-dataset-pipeline/labelling-tool/resources/icons/pause/pause-60.png
2025-03-18 15:51:33,829 - INFO - Video playback paused
2025-03-18 15:51:33,829 - INFO - Loaded play icon: /home/allanwan/dataset/sbpd-dataset-pipeline/labelling-tool/resources/icons/play/play-60.png
2025-03-18 15:52:35,571 - INFO - Video playback started
2025-03-18 15:52:35,571 - INFO - Loaded pause icon: /home/allanwan/dataset/sbpd-dataset-pipeline/labelling-tool/resources/icons/pause/pause-60.png
2025-03-18 15:53:09,897 - INFO - Loaded play icon: /home/allanwan/dataset/sbpd-dataset-pipeline/labelling-tool/resources/icons/play/play-60.png
2025-03-18 15:54:48,960 - INFO - Break button was pushed.
2025-03-18 15:54:53,212 - INFO - Click a trajectory or input trajectory ID.
2025-03-18 15:54:57,979 - INFO - Mapped pixel coordinates: (x = 899, y = 381)
2025-03-18 15:54:57,991 - INFO - Matched trajectory 1 at offset (0, 0)
2025-03-18 15:54:57,992 - INFO - Selected trajectory ID: 1
2025-03-18 15:55:01,695 - INFO - Selecting trajectories was done.
2025-03-18 15:55:01,707 - INFO - Trajectory 1 was divided.
2025-03-18 15:56:06,788 - INFO - Video playback started
2025-03-18 15:56:06,789 - INFO - Loaded pause icon: /home/allanwan/dataset/sbpd-dataset-pipeline/labelling-tool/resources/icons/pause/pause-60.png
2025-03-18 15:56:19,311 - INFO - Loaded play icon: /home/allanwan/dataset/sbpd-dataset-pipeline/labelling-tool/resources/icons/play/play-60.png
2025-03-18 15:56:24,908 - INFO - Loaded pause icon: /home/allanwan/dataset/sbpd-dataset-pipeline/labelling-tool/resources/icons/pause/pause-60.png
2025-03-18 15:56:42,589 - INFO - Video playback paused
2025-03-18 15:56:42,589 - INFO - Loaded play icon: /home/allanwan/dataset/sbpd-dataset-pipeline/labelling-tool/resources/icons/play/play-60.png
2025-03-18 15:56:45,012 - INFO - Video playback started
2025-03-18 15:56:45,013 - INFO - Loaded pause icon: /home/allanwan/dataset/sbpd-dataset-pipeline/labelling-tool/resources/icons/pause/pause-60.png
2025-03-18 15:56:48,230 - INFO - Loaded pause icon: /home/allanwan/dataset/sbpd-dataset-pipeline/labelling-tool/resources/icons/pause/pause-60.png
2025-03-18 15:56:57,568 - INFO - Video playback paused
2025-03-18 15:56:57,568 - INFO - Loaded play icon: /home/allanwan/dataset/sbpd-dataset-pipeline/labelling-tool/resources/icons/play/play-60.png
2025-03-18 15:57:00,568 - INFO - Video playback started
2025-03-18 15:57:00,569 - INFO - Loaded pause icon: /home/allanwan/dataset/sbpd-dataset-pipeline/labelling-tool/resources/icons/pause/pause-60.png
2025-03-18 15:57:08,321 - INFO - Video playback paused
2025-03-18 15:57:08,322 - INFO - Loaded play icon: /home/allanwan/dataset/sbpd-dataset-pipeline/labelling-tool/resources/icons/play/play-60.png
2025-03-18 15:58:36,766 - INFO - Join button was pushed
2025-03-18 15:58:40,907 - INFO - Click a trajectory or input trajectory ID.
2025-03-18 15:58:53,167 - INFO - Click the second trajectory or input the ID.
2025-03-18 15:58:57,593 - INFO - Selecting trajectories was done.
2025-03-18 15:58:57,604 - INFO - Deleted trajectory ID: 7
2025-03-18 15:58:57,604 - INFO - No.3 and No.7 are joined into No.3.
2025-03-18 15:59:02,695 - INFO - Loaded pause icon: /home/allanwan/dataset/sbpd-dataset-pipeline/labelling-tool/resources/icons/pause/pause-60.png
2025-03-18 15:59:10,186 - INFO - Loaded pause icon: /home/allanwan/dataset/sbpd-dataset-pipeline/labelling-tool/resources/icons/pause/pause-60.png
2025-03-18 15:59:16,601 - INFO - Video playback paused
2025-03-18 15:59:16,602 - INFO - Loaded play icon: /home/allanwan/dataset/sbpd-dataset-pipeline/labelling-tool/resources/icons/play/play-60.png
2025-03-18 15:59:45,367 - INFO - User selected video file: /home/allanwan/dataset/sbpd-dataset-pipeline/labelling-tool/resources/videos/GX010190.MP4
2025-03-18 15:59:45,368 - INFO - Loading video: /home/allanwan/dataset/sbpd-dataset-pipeline/labelling-tool/resources/videos/GX010190.MP4 (Size: 189.01 MB)
2025-03-18 15:59:45,376 - INFO - Video Loaded: /home/allanwan/dataset/sbpd-dataset-pipeline/labelling-tool/resources/videos/GX010190.MP4 | FPS: 10 | Resolution: 1920x1080 | Total Frames: 3895
2025-03-18 15:59:45,385 - INFO - TrajectoryWorker stopped.
2025-03-18 15:59:50,506 - INFO - Video playback started
2025-03-18 15:59:50,507 - INFO - Loaded pause icon: /home/allanwan/dataset/sbpd-dataset-pipeline/labelling-tool/resources/icons/pause/pause-60.png
2025-03-18 15:59:54,066 - INFO - Video playback paused
2025-03-18 15:59:54,066 - INFO - Loaded play icon: /home/allanwan/dataset/sbpd-dataset-pipeline/labelling-tool/resources/icons/play/play-60.png
2025-03-18 16:00:34,978 - INFO - Video playback started
2025-03-18 16:00:34,978 - INFO - Loaded pause icon: /home/allanwan/dataset/sbpd-dataset-pipeline/labelling-tool/resources/icons/pause/pause-60.png
2025-03-18 16:01:16,082 - INFO - Video playback paused
2025-03-18 16:01:16,082 - INFO - Loaded play icon: /home/allanwan/dataset/sbpd-dataset-pipeline/labelling-tool/resources/icons/play/play-60.png
